Logger:         	MadelineProto 8.0.0-beta194
Logger:         	Copyright (C) 2016-2024 Daniil Gentili
Logger:         	Licensed under AGPLv3
Logger:         	https://github.com/danog/MadelineProto
Serialization:  	Got exclusive session lock!
DataCenter:     	Acquiring connect lock for 2!
DataCenter:     	Connecting to DC 2
DataCenterConnection: 	Restoring 0 messages to DC 2
Session:        	Resetting session in DC 2.0...
Connection:     	Connecting to DC 2.0 via tcp://149.154.167.51:443 main DC 2, via ipv4 using AbridgedStream => BufferedRawStream => DefaultStream 
Connection:     	Connected to DC 2.0 via tcp://149.154.167.51:443 main DC 2, via ipv4 using AbridgedStream => BufferedRawStream => DefaultStream!
DataCenterConnection: 	Acquiring lock in order to init auth for DC 2
DataCenterConnection: 	Initing auth for DC 2
DataCenterConnection: 	Done initing auth for DC 2
Session:        	Garbage collected 0 outgoing messages in DC 2, 1 left
PingLoop:       	Ping DC 2.0
MTProto:        	AUTH_KEY_UNREGISTERED
MTProto:        	Starting update system
APIWrapper:     	MadelineProto is ready!
SessionPaths:   	Waiting for exclusive lock of C:\xampp\htdocs\First\TelegramChatsParser\session.madeline\ipcState.php.lock...
SessionPaths:   	Got exclusive lock of C:\xampp\htdocs\First\TelegramChatsParser\session.madeline\ipcState.php.lock...
SessionPaths:   	Waiting for exclusive lock of C:\xampp\htdocs\First\TelegramChatsParser\session.madeline\safe.php.lock...
SessionPaths:   	Got exclusive lock of C:\xampp\htdocs\First\TelegramChatsParser\session.madeline\safe.php.lock...
SessionPaths:   	Waiting for exclusive lock of C:\xampp\htdocs\First\TelegramChatsParser\session.madeline\lightState.php.lock...
SessionPaths:   	Got exclusive lock of C:\xampp\htdocs\First\TelegramChatsParser\session.madeline\lightState.php.lock...
APIWrapper:     	Saved session!
GarbageCollector: 	gc_collect_cycles done. Cleaned memory: 0 Mb
Logger:         	MadelineProto 8.0.0-beta194
Logger:         	Copyright (C) 2016-2024 Daniil Gentili
Logger:         	Licensed under AGPLv3
Logger:         	https://github.com/danog/MadelineProto
Serialization:  	Got exclusive session lock!
DataCenter, SergeySvist:     	Acquiring connect lock for 2!
DataCenter, SergeySvist:     	Connecting to DC 2
DataCenterConnection, SergeySvist: 	Restoring 0 messages to DC 2
Session, SergeySvist:        	Resetting session in DC 2.0...
Connection, SergeySvist:     	Connecting to DC 2.0 via tcp://149.154.167.51:443 main DC 2, via ipv4 using AbridgedStream => BufferedRawStream => DefaultStream 
Connection, SergeySvist:     	Connected to DC 2.0 via tcp://149.154.167.51:443 main DC 2, via ipv4 using AbridgedStream => BufferedRawStream => DefaultStream!
DataCenterConnection, SergeySvist: 	Acquiring lock in order to init auth for DC 2
DataCenterConnection, SergeySvist: 	Initing auth for DC 2
DataCenterConnection, SergeySvist: 	Done initing auth for DC 2
Session, SergeySvist:        	Garbage collected 0 outgoing messages in DC 2, 1 left
PingLoop, SergeySvist:       	Ping DC 2.0
MTProto, SergeySvist:        	Starting update system
MTProto, SergeySvist:        	Obtaining updates after deserialization...
APIWrapper, SergeySvist:     	MadelineProto is ready!
SessionPaths, SergeySvist:   	Waiting for exclusive lock of C:\xampp\htdocs\First\TelegramChatsParser\session.madeline\ipcState.php.lock...
SessionPaths, SergeySvist:   	Got exclusive lock of C:\xampp\htdocs\First\TelegramChatsParser\session.madeline\ipcState.php.lock...
FeedLoop, SergeySvist:       	Resumed update feed loop generic
FeedLoop, SergeySvist:       	Resumed update feed loop channel 1757089925
FeedLoop, SergeySvist:       	Resumed update feed loop channel 1558081175
FeedLoop, SergeySvist:       	Got channel too long update, getting difference...
FeedLoop, SergeySvist:       	Resumed update feed loop channel 1757089925
GarbageCollector, SergeySvist: 	gc_collect_cycles done. Cleaned memory: 0 Mb
Session, SergeySvist:        	Garbage collected 11 incoming messages in DC 2, 0 left
Session, SergeySvist:        	Garbage collected 9 outgoing messages in DC 2, 0 left
UpdateHandler, SergeySvist:  	Parsing updates (updates) received via the socket...
SeqLoop, SergeySvist:        	Was fed updates of type updates...
FeedLoop, SergeySvist:       	Resumed update feed loop channel 1757089925
UpdateHandler, SergeySvist:  	Saving update of type updateNewChannelMessage
FeedLoop, SergeySvist:       	Resumed update feed loop channel 1757089925
FeedLoop, SergeySvist:       	MSGID duplicate (683063) in update feed loop channel 1757089925
FeedLoop, SergeySvist:       	Resumed update feed loop channel 1757089925
FeedLoop, SergeySvist:       	Resumed update feed loop channel 1558081175
UpdateHandler, SergeySvist:  	Saving update of type updateDeleteChannelMessages
UpdateHandler, SergeySvist:  	Parsing updates (updateShort) received via the socket...
FeedLoop, SergeySvist:       	Resumed update feed loop generic
UpdateHandler, SergeySvist:  	Saving update of type updateUserStatus
UpdateHandler, SergeySvist:  	Parsing updates (updateShort) received via the socket...
FeedLoop, SergeySvist:       	Resumed update feed loop generic
UpdateHandler, SergeySvist:  	Saving update of type updateUserStatus
Session, SergeySvist:        	Garbage collected 8 incoming messages in DC 2, 0 left
Session, SergeySvist:        	Garbage collected 5 outgoing messages in DC 2, 0 left
Session, SergeySvist:        	Garbage collected 5 incoming messages in DC 2, 0 left
Session, SergeySvist:        	Garbage collected 5 outgoing messages in DC 2, 0 left
SessionPaths, SergeySvist:   	Waiting for exclusive lock of C:\xampp\htdocs\First\TelegramChatsParser\session.madeline\safe.php.lock...
SessionPaths, SergeySvist:   	Got exclusive lock of C:\xampp\htdocs\First\TelegramChatsParser\session.madeline\safe.php.lock...
SessionPaths, SergeySvist:   	Waiting for exclusive lock of C:\xampp\htdocs\First\TelegramChatsParser\session.madeline\lightState.php.lock...
SessionPaths, SergeySvist:   	Got exclusive lock of C:\xampp\htdocs\First\TelegramChatsParser\session.madeline\lightState.php.lock...
APIWrapper, SergeySvist:     	Saved session!
UpdateHandler, SergeySvist:  	Parsing updates (updates) received via the socket...
SeqLoop, SergeySvist:        	Was fed updates of type updates...
FeedLoop, SergeySvist:       	Resumed update feed loop channel 1764189517
FeedLoop, SergeySvist:       	Resumed update feed loop channel 1558081175
FeedLoop, SergeySvist:       	Got channel too long update, getting difference...
FeedLoop, SergeySvist:       	Resumed update feed loop channel 1764189517
FeedLoop, SergeySvist:       	Resumed update feed loop channel 1558081175
UpdateHandler, SergeySvist:  	Saving update of type updateEditChannelMessage
Session, SergeySvist:        	Garbage collected 7 incoming messages in DC 2, 0 left
Session, SergeySvist:        	Garbage collected 7 outgoing messages in DC 2, 0 left
UpdateHandler, SergeySvist:  	Parsing updates (updates) received via the socket...
SeqLoop, SergeySvist:        	Was fed updates of type updates...
FeedLoop, SergeySvist:       	Resumed update feed loop channel 1514878396
MinDatabase, SergeySvist:    	Found 1 pending contexts
UpdateHandler, SergeySvist:  	Parsing updates (updateShort) received via the socket...
FeedLoop, SergeySvist:       	Resumed update feed loop generic
UpdateHandler, SergeySvist:  	Saving update of type updateChannelUserTyping
UpdateHandler, SergeySvist:  	Parsing updates (updates) received via the socket...
SeqLoop, SergeySvist:        	Was fed updates of type updates...
FeedLoop, SergeySvist:       	Resumed update feed loop channel 1514878396
UpdateHandler, SergeySvist:  	Saving update of type updateNewChannelMessage
MinDatabase, SergeySvist:    	Found 1 pending contexts
UpdateHandler, SergeySvist:  	Parsing updates (updateShort) received via the socket...
FeedLoop, SergeySvist:       	Resumed update feed loop generic
UpdateHandler, SergeySvist:  	Saving update of type updateChannelUserTyping
Session, SergeySvist:        	Garbage collected 11 incoming messages in DC 2, 0 left
Session, SergeySvist:        	Garbage collected 7 outgoing messages in DC 2, 0 left
Logger:         	MadelineProto 8.0.0-beta194
Logger:         	Copyright (C) 2016-2024 Daniil Gentili
Logger:         	Licensed under AGPLv3
Logger:         	https://github.com/danog/MadelineProto
Serialization:  	Got exclusive session lock!
DataCenter, SergeySvist:     	Acquiring connect lock for 2!
DataCenter, SergeySvist:     	Connecting to DC 2
DataCenterConnection, SergeySvist: 	Restoring 0 messages to DC 2
Session, SergeySvist:        	Resetting session in DC 2.0...
Connection, SergeySvist:     	Connecting to DC 2.0 via tcp://149.154.167.51:443 main DC 2, via ipv4 using AbridgedStream => BufferedRawStream => DefaultStream 
Connection, SergeySvist:     	Connected to DC 2.0 via tcp://149.154.167.51:443 main DC 2, via ipv4 using AbridgedStream => BufferedRawStream => DefaultStream!
DataCenterConnection, SergeySvist: 	Acquiring lock in order to init auth for DC 2
DataCenterConnection, SergeySvist: 	Initing auth for DC 2
DataCenterConnection, SergeySvist: 	Done initing auth for DC 2
Session, SergeySvist:        	Garbage collected 0 outgoing messages in DC 2, 1 left
PingLoop, SergeySvist:       	Ping DC 2.0
MTProto, SergeySvist:        	Starting update system
MTProto, SergeySvist:        	Obtaining updates after deserialization...
APIWrapper, SergeySvist:     	MadelineProto is ready!
SessionPaths, SergeySvist:   	Waiting for exclusive lock of C:\xampp\htdocs\First\TelegramChatsParser\session.madeline\ipcState.php.lock...
SessionPaths, SergeySvist:   	Got exclusive lock of C:\xampp\htdocs\First\TelegramChatsParser\session.madeline\ipcState.php.lock...
FeedLoop, SergeySvist:       	Resumed update feed loop generic
FeedLoop, SergeySvist:       	Resumed update feed loop channel 1558081175
FeedLoop, SergeySvist:       	Resumed update feed loop channel 1757089925
FeedLoop, SergeySvist:       	Getdiff fed me message of type message in update feed loop channel 1757089925...
FeedLoop, SergeySvist:       	Getdiff fed me message of type message in update feed loop channel 1757089925...
FeedLoop, SergeySvist:       	Resumed update feed loop channel 1757089925
UpdateHandler, SergeySvist:  	Saving update of type updateNewChannelMessage
UpdateHandler, SergeySvist:  	Saving update of type updateNewChannelMessage
FeedLoop, SergeySvist:       	Resumed update feed loop channel 1764189517
FeedLoop, SergeySvist:       	Resumed update feed loop channel 1514878396
FeedLoop, SergeySvist:       	Resumed update feed loop channel 1558081175
FeedLoop, SergeySvist:       	Got channel too long update, getting difference...
FeedLoop, SergeySvist:       	Resumed update feed loop channel 1757089925
FeedLoop, SergeySvist:       	Got channel too long update, getting difference...
FeedLoop, SergeySvist:       	Getdiff fed me message of type message in update feed loop channel 1558081175...
FeedLoop, SergeySvist:       	Getdiff fed me message of type message in update feed loop channel 1558081175...
FeedLoop, SergeySvist:       	Resumed update feed loop channel 1558081175
UpdateHandler, SergeySvist:  	Saving update of type updateNewChannelMessage
UpdateHandler, SergeySvist:  	Saving update of type updateNewChannelMessage
UpdateHandler, SergeySvist:  	Saving update of type updateEditChannelMessage
UpdateHandler, SergeySvist:  	Saving update of type updateEditChannelMessage
GarbageCollector, SergeySvist: 	gc_collect_cycles done. Cleaned memory: 0 Mb
Session, SergeySvist:        	Garbage collected 16 incoming messages in DC 2, 0 left
Session, SergeySvist:        	Garbage collected 12 outgoing messages in DC 2, 0 left
UpdateHandler, SergeySvist:  	Parsing updates (updates) received via the socket...
SeqLoop, SergeySvist:        	Was fed updates of type updates...
UpdateHandler, SergeySvist:  	Parsing updates (updates) received via the socket...
SeqLoop, SergeySvist:        	Was fed updates of type updates...
FeedLoop, SergeySvist:       	Resumed update feed loop channel 1764189517
UpdateHandler, SergeySvist:  	Saving update of type updateEditChannelMessage
FeedLoop, SergeySvist:       	Resumed update feed loop channel 1757089925
UpdateHandler, SergeySvist:  	Saving update of type updateEditChannelMessage
FeedLoop, SergeySvist:       	Resumed update feed loop channel 1558081175
UpdateHandler, SergeySvist:  	Saving update of type updateDeleteChannelMessages
FeedLoop, SergeySvist:       	Resumed update feed loop channel 1757089925
FeedLoop, SergeySvist:       	Got channel too long update, getting difference...
FeedLoop, SergeySvist:       	Resumed update feed loop channel 1764189517
FeedLoop, SergeySvist:       	Got channel too long update, getting difference...
FeedLoop, SergeySvist:       	Resumed update feed loop channel 1757089925
UpdateHandler, SergeySvist:  	Saving update of type updateEditChannelMessage
FeedLoop, SergeySvist:       	Resumed update feed loop channel 1764189517
UpdateHandler, SergeySvist:  	Saving update of type updateEditChannelMessage
MinDatabase, SergeySvist:    	Found 1 pending contexts
UpdateHandler, SergeySvist:  	Parsing updates (updateShort) received via the socket...
FeedLoop, SergeySvist:       	Resumed update feed loop generic
UpdateHandler, SergeySvist:  	Saving update of type updateChannelUserTyping
MinDatabase, SergeySvist:    	Found 1 pending contexts
UpdateHandler, SergeySvist:  	Parsing updates (updateShort) received via the socket...
FeedLoop, SergeySvist:       	Resumed update feed loop generic
UpdateHandler, SergeySvist:  	Saving update of type updateChannelUserTyping
MinDatabase, SergeySvist:    	Found 1 pending contexts
UpdateHandler, SergeySvist:  	Parsing updates (updateShort) received via the socket...
FeedLoop, SergeySvist:       	Resumed update feed loop generic
UpdateHandler, SergeySvist:  	Saving update of type updateChannelUserTyping
Session, SergeySvist:        	Garbage collected 14 incoming messages in DC 2, 0 left
Session, SergeySvist:        	Garbage collected 7 outgoing messages in DC 2, 0 left
FeedLoop, SergeySvist:       	Resumed update feed loop channel 1558081175
FeedLoop, SergeySvist:       	Got channel too long update, getting difference...
FeedLoop, SergeySvist:       	Resumed update feed loop channel 1558081175
UpdateHandler, SergeySvist:  	Saving update of type updateEditChannelMessage
MinDatabase, SergeySvist:    	Found 1 pending contexts
UpdateHandler, SergeySvist:  	Parsing updates (updateShort) received via the socket...
FeedLoop, SergeySvist:       	Resumed update feed loop generic
UpdateHandler, SergeySvist:  	Saving update of type updateChannelUserTyping
MinDatabase, SergeySvist:    	Found 1 pending contexts
UpdateHandler, SergeySvist:  	Parsing updates (updateShort) received via the socket...
FeedLoop, SergeySvist:       	Resumed update feed loop generic
UpdateHandler, SergeySvist:  	Saving update of type updateChannelUserTyping
MinDatabase, SergeySvist:    	Found 1 pending contexts
UpdateHandler, SergeySvist:  	Parsing updates (updateShort) received via the socket...
FeedLoop, SergeySvist:       	Resumed update feed loop generic
UpdateHandler, SergeySvist:  	Saving update of type updateChannelUserTyping
MinDatabase, SergeySvist:    	Found 1 pending contexts
UpdateHandler, SergeySvist:  	Parsing updates (updateShort) received via the socket...
FeedLoop, SergeySvist:       	Resumed update feed loop generic
UpdateHandler, SergeySvist:  	Saving update of type updateChannelUserTyping
Session, SergeySvist:        	Garbage collected 11 incoming messages in DC 2, 0 left
Session, SergeySvist:        	Garbage collected 7 outgoing messages in DC 2, 0 left
SessionPaths, SergeySvist:   	Waiting for exclusive lock of C:\xampp\htdocs\First\TelegramChatsParser\session.madeline\safe.php.lock...
SessionPaths, SergeySvist:   	Got exclusive lock of C:\xampp\htdocs\First\TelegramChatsParser\session.madeline\safe.php.lock...
SessionPaths, SergeySvist:   	Waiting for exclusive lock of C:\xampp\htdocs\First\TelegramChatsParser\session.madeline\lightState.php.lock...
SessionPaths, SergeySvist:   	Got exclusive lock of C:\xampp\htdocs\First\TelegramChatsParser\session.madeline\lightState.php.lock...
APIWrapper, SergeySvist:     	Saved session!
UpdateHandler, SergeySvist:  	Parsing updates (updates) received via the socket...
SeqLoop, SergeySvist:        	Was fed updates of type updates...
FeedLoop, SergeySvist:       	Resumed update feed loop channel 1764189517
UpdateHandler, SergeySvist:  	Saving update of type updateNewChannelMessage
FeedLoop, SergeySvist:       	MSGID duplicate (404956) in update feed loop channel 1764189517
FeedLoop, SergeySvist:       	Resumed update feed loop channel 1764189517
UpdateHandler, SergeySvist:  	Parsing updates (updates) received via the socket...
SeqLoop, SergeySvist:        	Was fed updates of type updates...
FeedLoop, SergeySvist:       	Resumed update feed loop channel 1558081175
UpdateHandler, SergeySvist:  	Saving update of type updateNewChannelMessage
FeedLoop, SergeySvist:       	MSGID duplicate (1697475) in update feed loop channel 1558081175
FeedLoop, SergeySvist:       	Resumed update feed loop channel 1558081175
FeedLoop, SergeySvist:       	Resumed update feed loop channel 1764189517
MinDatabase, SergeySvist:    	Found 1 pending contexts
UpdateHandler, SergeySvist:  	Parsing updates (updateShort) received via the socket...
FeedLoop, SergeySvist:       	Resumed update feed loop generic
UpdateHandler, SergeySvist:  	Saving update of type updateChannelUserTyping
Session, SergeySvist:        	Garbage collected 12 incoming messages in DC 2, 0 left
Session, SergeySvist:        	Garbage collected 6 outgoing messages in DC 2, 0 left
MinDatabase, SergeySvist:    	Found 1 pending contexts
UpdateHandler, SergeySvist:  	Parsing updates (updateShort) received via the socket...
FeedLoop, SergeySvist:       	Resumed update feed loop generic
UpdateHandler, SergeySvist:  	Saving update of type updateChannelUserTyping
FeedLoop, SergeySvist:       	Resumed update feed loop channel 1558081175
MinDatabase, SergeySvist:    	Found 3 pending contexts
UpdateHandler, SergeySvist:  	Parsing updates (updateShort) received via the socket...
UpdateHandler, SergeySvist:  	Parsing updates (updates) received via the socket...
SeqLoop, SergeySvist:        	Was fed updates of type updates...
FeedLoop, SergeySvist:       	Resumed update feed loop generic
UpdateHandler, SergeySvist:  	Saving update of type updateChannelUserTyping
FeedLoop, SergeySvist:       	Resumed update feed loop channel 1558081175
UpdateHandler, SergeySvist:  	Saving update of type updateNewChannelMessage
Session, SergeySvist:        	Garbage collected 11 incoming messages in DC 2, 0 left
Session, SergeySvist:        	Garbage collected 6 outgoing messages in DC 2, 0 left
MinDatabase, SergeySvist:    	Found 5 pending contexts
UpdateHandler, SergeySvist:  	Parsing updates (updateShort) received via the socket...
UpdateHandler, SergeySvist:  	Parsing updates (updates) received via the socket...
SeqLoop, SergeySvist:        	Was fed updates of type updates...
UpdateHandler, SergeySvist:  	Parsing updates (updates) received via the socket...
SeqLoop, SergeySvist:        	Was fed updates of type updates...
FeedLoop, SergeySvist:       	Resumed update feed loop generic
UpdateHandler, SergeySvist:  	Saving update of type updateChannelUserTyping
FeedLoop, SergeySvist:       	Resumed update feed loop channel 1558081175
UpdateHandler, SergeySvist:  	Saving update of type updateNewChannelMessage
UpdateHandler, SergeySvist:  	Saving update of type updateNewChannelMessage
FeedLoop, SergeySvist:       	Resumed update feed loop channel 1558081175
MinDatabase, SergeySvist:    	Found 1 pending contexts
UpdateHandler, SergeySvist:  	Parsing updates (updateShort) received via the socket...
FeedLoop, SergeySvist:       	Resumed update feed loop generic
UpdateHandler, SergeySvist:  	Saving update of type updateChannelUserTyping
PingLoop, SergeySvist:       	Ping DC 2.0
Session, SergeySvist:        	Garbage collected 12 incoming messages in DC 2, 0 left
Session, SergeySvist:        	Garbage collected 7 outgoing messages in DC 2, 1 left
SessionPaths, SergeySvist:   	Waiting for exclusive lock of C:\xampp\htdocs\First\TelegramChatsParser\session.madeline\safe.php.lock...
SessionPaths, SergeySvist:   	Got exclusive lock of C:\xampp\htdocs\First\TelegramChatsParser\session.madeline\safe.php.lock...
SessionPaths, SergeySvist:   	Waiting for exclusive lock of C:\xampp\htdocs\First\TelegramChatsParser\session.madeline\lightState.php.lock...
SessionPaths, SergeySvist:   	Got exclusive lock of C:\xampp\htdocs\First\TelegramChatsParser\session.madeline\lightState.php.lock...
APIWrapper, SergeySvist:     	Saved session!
FeedLoop, SergeySvist:       	Resumed update feed loop channel 1558081175
FeedLoop, SergeySvist:       	Got channel too long update, getting difference...
FeedLoop, SergeySvist:       	Resumed update feed loop channel 1558081175
UpdateHandler, SergeySvist:  	Saving update of type updateEditChannelMessage
MinDatabase, SergeySvist:    	Found 1 pending contexts
UpdateHandler, SergeySvist:  	Parsing updates (updateShort) received via the socket...
FeedLoop, SergeySvist:       	Resumed update feed loop generic
UpdateHandler, SergeySvist:  	Saving update of type updateChannelUserTyping
MinDatabase, SergeySvist:    	Found 1 pending contexts
UpdateHandler, SergeySvist:  	Parsing updates (updateShort) received via the socket...
FeedLoop, SergeySvist:       	Resumed update feed loop generic
UpdateHandler, SergeySvist:  	Saving update of type updateChannelUserTyping
MinDatabase, SergeySvist:    	Found 1 pending contexts
UpdateHandler, SergeySvist:  	Parsing updates (updateShort) received via the socket...
FeedLoop, SergeySvist:       	Resumed update feed loop generic
UpdateHandler, SergeySvist:  	Saving update of type updateChannelUserTyping
Session, SergeySvist:        	Garbage collected 11 incoming messages in DC 2, 0 left
Session, SergeySvist:        	Garbage collected 7 outgoing messages in DC 2, 0 left
FeedLoop, SergeySvist:       	Resumed update feed loop channel 1558081175
FeedLoop, SergeySvist:       	Got channel too long update, getting difference...
FeedLoop, SergeySvist:       	Resumed update feed loop channel 1558081175
UpdateHandler, SergeySvist:  	Saving update of type updateEditChannelMessage
UpdateHandler, SergeySvist:  	Saving update of type updateEditChannelMessage
UpdateHandler, SergeySvist:  	Saving update of type updateDeleteChannelMessages
MinDatabase, SergeySvist:    	Found 1 pending contexts
UpdateHandler, SergeySvist:  	Parsing updates (updateShort) received via the socket...
FeedLoop, SergeySvist:       	Resumed update feed loop generic
UpdateHandler, SergeySvist:  	Saving update of type updateChannelUserTyping
MinDatabase, SergeySvist:    	Found 1 pending contexts
UpdateHandler, SergeySvist:  	Parsing updates (updateShort) received via the socket...
FeedLoop, SergeySvist:       	Resumed update feed loop generic
UpdateHandler, SergeySvist:  	Saving update of type updateChannelUserTyping
MinDatabase, SergeySvist:    	Found 3 pending contexts
UpdateHandler, SergeySvist:  	Parsing updates (updateShort) received via the socket...
UpdateHandler, SergeySvist:  	Parsing updates (updates) received via the socket...
SeqLoop, SergeySvist:        	Was fed updates of type updates...
UpdateHandler, SergeySvist:  	Parsing updates (updateShort) received via the socket...
FeedLoop, SergeySvist:       	Resumed update feed loop generic
UpdateHandler, SergeySvist:  	Saving update of type updateChannelUserTyping
UpdateHandler, SergeySvist:  	Saving update of type updateMessagePoll
FeedLoop, SergeySvist:       	Resumed update feed loop channel 1764189517
UpdateHandler, SergeySvist:  	Saving update of type updateEditChannelMessage
MinDatabase, SergeySvist:    	Found 1 pending contexts
UpdateHandler, SergeySvist:  	Parsing updates (updateShort) received via the socket...
FeedLoop, SergeySvist:       	Resumed update feed loop generic
UpdateHandler, SergeySvist:  	Saving update of type updateChannelUserTyping
Session, SergeySvist:        	Garbage collected 14 incoming messages in DC 2, 0 left
Session, SergeySvist:        	Garbage collected 6 outgoing messages in DC 2, 0 left
FeedLoop, SergeySvist:       	Resumed update feed loop channel 1764189517
FeedLoop, SergeySvist:       	Got channel too long update, getting difference...
MinDatabase, SergeySvist:    	Found 1 pending contexts
UpdateHandler, SergeySvist:  	Parsing updates (updateShort) received via the socket...
FeedLoop, SergeySvist:       	Resumed update feed loop generic
UpdateHandler, SergeySvist:  	Saving update of type updateChannelUserTyping
MinDatabase, SergeySvist:    	Found 1 pending contexts
UpdateHandler, SergeySvist:  	Parsing updates (updateShort) received via the socket...
FeedLoop, SergeySvist:       	Resumed update feed loop generic
UpdateHandler, SergeySvist:  	Saving update of type updateChannelUserTyping
UpdateHandler, SergeySvist:  	Parsing updates (updateShort) received via the socket...
FeedLoop, SergeySvist:       	Resumed update feed loop generic
UpdateHandler, SergeySvist:  	Saving update of type updateUserStatus
MinDatabase, SergeySvist:    	Found 1 pending contexts
UpdateHandler, SergeySvist:  	Parsing updates (updateShort) received via the socket...
FeedLoop, SergeySvist:       	Resumed update feed loop generic
UpdateHandler, SergeySvist:  	Saving update of type updateChannelUserTyping
MinDatabase, SergeySvist:    	Found 1 pending contexts
UpdateHandler, SergeySvist:  	Parsing updates (updateShort) received via the socket...
FeedLoop, SergeySvist:       	Resumed update feed loop generic
UpdateHandler, SergeySvist:  	Saving update of type updateChannelUserTyping
Session, SergeySvist:        	Garbage collected 12 incoming messages in DC 2, 0 left
Session, SergeySvist:        	Garbage collected 6 outgoing messages in DC 2, 0 left
SessionPaths, SergeySvist:   	Waiting for exclusive lock of C:\xampp\htdocs\First\TelegramChatsParser\session.madeline\safe.php.lock...
SessionPaths, SergeySvist:   	Got exclusive lock of C:\xampp\htdocs\First\TelegramChatsParser\session.madeline\safe.php.lock...
SessionPaths, SergeySvist:   	Waiting for exclusive lock of C:\xampp\htdocs\First\TelegramChatsParser\session.madeline\lightState.php.lock...
SessionPaths, SergeySvist:   	Got exclusive lock of C:\xampp\htdocs\First\TelegramChatsParser\session.madeline\lightState.php.lock...
APIWrapper, SergeySvist:     	Saved session!
MinDatabase, SergeySvist:    	Found 1 pending contexts
UpdateHandler, SergeySvist:  	Parsing updates (updateShort) received via the socket...
FeedLoop, SergeySvist:       	Resumed update feed loop generic
UpdateHandler, SergeySvist:  	Saving update of type updateChannelUserTyping
MinDatabase, SergeySvist:    	Found 1 pending contexts
UpdateHandler, SergeySvist:  	Parsing updates (updateShort) received via the socket...
FeedLoop, SergeySvist:       	Resumed update feed loop generic
UpdateHandler, SergeySvist:  	Saving update of type updateChannelUserTyping
MinDatabase, SergeySvist:    	Found 3 pending contexts
UpdateHandler, SergeySvist:  	Parsing updates (updateShort) received via the socket...
UpdateHandler, SergeySvist:  	Parsing updates (updates) received via the socket...
SeqLoop, SergeySvist:        	Was fed updates of type updates...
UpdateHandler, SergeySvist:  	Parsing updates (updateShort) received via the socket...
FeedLoop, SergeySvist:       	Resumed update feed loop generic
UpdateHandler, SergeySvist:  	Saving update of type updateChannelUserTyping
UpdateHandler, SergeySvist:  	Saving update of type updateMessagePoll
FeedLoop, SergeySvist:       	Resumed update feed loop channel 1764189517
UpdateHandler, SergeySvist:  	Saving update of type updateNewChannelMessage
MinDatabase, SergeySvist:    	Found 1 pending contexts
UpdateHandler, SergeySvist:  	Parsing updates (updateShort) received via the socket...
FeedLoop, SergeySvist:       	Resumed update feed loop generic
UpdateHandler, SergeySvist:  	Saving update of type updateChannelUserTyping
Session, SergeySvist:        	Garbage collected 14 incoming messages in DC 2, 0 left
Session, SergeySvist:        	Garbage collected 7 outgoing messages in DC 2, 0 left
FeedLoop, SergeySvist:       	Resumed update feed loop channel 1764189517
UpdateHandler, SergeySvist:  	Parsing updates (updateShort) received via the socket...
UpdateHandler, SergeySvist:  	Parsing updates (updates) received via the socket...
SeqLoop, SergeySvist:        	Was fed updates of type updates...
FeedLoop, SergeySvist:       	Resumed update feed loop generic
UpdateHandler, SergeySvist:  	Saving update of type updateUserStatus
FeedLoop, SergeySvist:       	Resumed update feed loop channel 1764189517
UpdateHandler, SergeySvist:  	Saving update of type updateNewChannelMessage
Session, SergeySvist:        	Garbage collected 10 incoming messages in DC 2, 0 left
Session, SergeySvist:        	Garbage collected 6 outgoing messages in DC 2, 0 left
MinDatabase, SergeySvist:    	Found 1 pending contexts
UpdateHandler, SergeySvist:  	Parsing updates (updateShort) received via the socket...
FeedLoop, SergeySvist:       	Resumed update feed loop generic
UpdateHandler, SergeySvist:  	Saving update of type updateChannelUserTyping
FeedLoop, SergeySvist:       	Resumed update feed loop channel 1764189517
MinDatabase, SergeySvist:    	Found 1 pending contexts
UpdateHandler, SergeySvist:  	Parsing updates (updateShort) received via the socket...
FeedLoop, SergeySvist:       	Resumed update feed loop generic
UpdateHandler, SergeySvist:  	Saving update of type updateChannelUserTyping
PingLoop, SergeySvist:       	Ping DC 2.0
Session, SergeySvist:        	Garbage collected 9 incoming messages in DC 2, 0 left
Session, SergeySvist:        	Garbage collected 7 outgoing messages in DC 2, 1 left
SessionPaths, SergeySvist:   	Waiting for exclusive lock of C:\xampp\htdocs\First\TelegramChatsParser\session.madeline\safe.php.lock...
SessionPaths, SergeySvist:   	Got exclusive lock of C:\xampp\htdocs\First\TelegramChatsParser\session.madeline\safe.php.lock...
SessionPaths, SergeySvist:   	Waiting for exclusive lock of C:\xampp\htdocs\First\TelegramChatsParser\session.madeline\lightState.php.lock...
SessionPaths, SergeySvist:   	Got exclusive lock of C:\xampp\htdocs\First\TelegramChatsParser\session.madeline\lightState.php.lock...
APIWrapper, SergeySvist:     	Saved session!
MinDatabase, SergeySvist:    	Found 3 pending contexts
UpdateHandler, SergeySvist:  	Parsing updates (updateShort) received via the socket...
UpdateHandler, SergeySvist:  	Parsing updates (updates) received via the socket...
SeqLoop, SergeySvist:        	Was fed updates of type updates...
FeedLoop, SergeySvist:       	Resumed update feed loop generic
UpdateHandler, SergeySvist:  	Saving update of type updateChannelUserTyping
FeedLoop, SergeySvist:       	Resumed update feed loop channel 1558081175
UpdateHandler, SergeySvist:  	Saving update of type updateNewChannelMessage
FeedLoop, SergeySvist:       	Resumed update feed loop channel 1558081175
MinDatabase, SergeySvist:    	Found 1 pending contexts
UpdateHandler, SergeySvist:  	Parsing updates (updateShort) received via the socket...
FeedLoop, SergeySvist:       	Resumed update feed loop generic
UpdateHandler, SergeySvist:  	Saving update of type updateChannelUserTyping
Session, SergeySvist:        	Garbage collected 12 incoming messages in DC 2, 0 left
Session, SergeySvist:        	Garbage collected 7 outgoing messages in DC 2, 0 left
MinDatabase, SergeySvist:    	Found 1 pending contexts
UpdateHandler, SergeySvist:  	Parsing updates (updateShort) received via the socket...
FeedLoop, SergeySvist:       	Resumed update feed loop generic
UpdateHandler, SergeySvist:  	Saving update of type updateChannelUserTyping
Session, SergeySvist:        	Garbage collected 8 incoming messages in DC 2, 0 left
Session, SergeySvist:        	Garbage collected 6 outgoing messages in DC 2, 0 left
UpdateHandler, SergeySvist:  	Parsing updates (updates) received via the socket...
SeqLoop, SergeySvist:        	Was fed updates of type updates...
FeedLoop, SergeySvist:       	Resumed update feed loop channel 1764189517
UpdateHandler, SergeySvist:  	Saving update of type updateNewChannelMessage
FeedLoop, SergeySvist:       	MSGID duplicate (404959) in update feed loop channel 1764189517
FeedLoop, SergeySvist:       	Resumed update feed loop channel 1764189517
FeedLoop, SergeySvist:       	Resumed update feed loop channel 1764189517
Session, SergeySvist:        	Garbage collected 8 incoming messages in DC 2, 0 left
Session, SergeySvist:        	Garbage collected 6 outgoing messages in DC 2, 0 left
SessionPaths, SergeySvist:   	Waiting for exclusive lock of C:\xampp\htdocs\First\TelegramChatsParser\session.madeline\safe.php.lock...
SessionPaths, SergeySvist:   	Got exclusive lock of C:\xampp\htdocs\First\TelegramChatsParser\session.madeline\safe.php.lock...
SessionPaths, SergeySvist:   	Waiting for exclusive lock of C:\xampp\htdocs\First\TelegramChatsParser\session.madeline\lightState.php.lock...
SessionPaths, SergeySvist:   	Got exclusive lock of C:\xampp\htdocs\First\TelegramChatsParser\session.madeline\lightState.php.lock...
APIWrapper, SergeySvist:     	Saved session!
UpdateHandler, SergeySvist:  	Parsing updates (updates) received via the socket...
SeqLoop, SergeySvist:        	Was fed updates of type updates...
FeedLoop, SergeySvist:       	Resumed update feed loop channel 1764189517
UpdateHandler, SergeySvist:  	Saving update of type updateEditChannelMessage
FeedLoop, SergeySvist:       	Resumed update feed loop channel 1764189517
FeedLoop, SergeySvist:       	Got channel too long update, getting difference...
FeedLoop, SergeySvist:       	Resumed update feed loop channel 1764189517
UpdateHandler, SergeySvist:  	Saving update of type updateEditChannelMessage
Session, SergeySvist:        	Garbage collected 10 incoming messages in DC 2, 0 left
Session, SergeySvist:        	Garbage collected 6 outgoing messages in DC 2, 0 left
Session, SergeySvist:        	Garbage collected 7 incoming messages in DC 2, 0 left
Session, SergeySvist:        	Garbage collected 7 outgoing messages in DC 2, 0 left
UpdateHandler, SergeySvist:  	Parsing updates (updates) received via the socket...
SeqLoop, SergeySvist:        	Was fed updates of type updates...
FeedLoop, SergeySvist:       	Resumed update feed loop channel 1764189517
UpdateHandler, SergeySvist:  	Saving update of type updateEditChannelMessage
UpdateHandler, SergeySvist:  	Saving update of type updateEditChannelMessage
PingLoop, SergeySvist:       	Ping DC 2.0
Session, SergeySvist:        	Garbage collected 8 incoming messages in DC 2, 0 left
Session, SergeySvist:        	Garbage collected 7 outgoing messages in DC 2, 1 left
SessionPaths, SergeySvist:   	Waiting for exclusive lock of C:\xampp\htdocs\First\TelegramChatsParser\session.madeline\safe.php.lock...
SessionPaths, SergeySvist:   	Got exclusive lock of C:\xampp\htdocs\First\TelegramChatsParser\session.madeline\safe.php.lock...
SessionPaths, SergeySvist:   	Waiting for exclusive lock of C:\xampp\htdocs\First\TelegramChatsParser\session.madeline\lightState.php.lock...
SessionPaths, SergeySvist:   	Got exclusive lock of C:\xampp\htdocs\First\TelegramChatsParser\session.madeline\lightState.php.lock...
APIWrapper, SergeySvist:     	Saved session!
FeedLoop, SergeySvist:       	Resumed update feed loop channel 1764189517
FeedLoop, SergeySvist:       	Got channel too long update, getting difference...
Session, SergeySvist:        	Garbage collected 9 incoming messages in DC 2, 0 left
Session, SergeySvist:        	Garbage collected 9 outgoing messages in DC 2, 0 left
UpdateHandler, SergeySvist:  	Parsing updates (updates) received via the socket...
SeqLoop, SergeySvist:        	Was fed updates of type updates...
FeedLoop, SergeySvist:       	Resumed update feed loop channel 1558081175
UpdateHandler, SergeySvist:  	Saving update of type updateNewChannelMessage
FeedLoop, SergeySvist:       	MSGID duplicate (1697480) in update feed loop channel 1558081175
FeedLoop, SergeySvist:       	Resumed update feed loop channel 1558081175
FeedLoop, SergeySvist:       	Resumed update feed loop channel 1558081175
Session, SergeySvist:        	Garbage collected 8 incoming messages in DC 2, 0 left
Session, SergeySvist:        	Garbage collected 7 outgoing messages in DC 2, 0 left
Session, SergeySvist:        	Garbage collected 7 incoming messages in DC 2, 0 left
Session, SergeySvist:        	Garbage collected 6 outgoing messages in DC 2, 0 left
SessionPaths, SergeySvist:   	Waiting for exclusive lock of C:\xampp\htdocs\First\TelegramChatsParser\session.madeline\safe.php.lock...
SessionPaths, SergeySvist:   	Got exclusive lock of C:\xampp\htdocs\First\TelegramChatsParser\session.madeline\safe.php.lock...
SessionPaths, SergeySvist:   	Waiting for exclusive lock of C:\xampp\htdocs\First\TelegramChatsParser\session.madeline\lightState.php.lock...
SessionPaths, SergeySvist:   	Got exclusive lock of C:\xampp\htdocs\First\TelegramChatsParser\session.madeline\lightState.php.lock...
APIWrapper, SergeySvist:     	Saved session!
UpdateHandler, SergeySvist:  	Parsing updates (updateShort) received via the socket...
FeedLoop, SergeySvist:       	Resumed update feed loop generic
UpdateHandler, SergeySvist:  	Saving update of type updateUserStatus
MinDatabase, SergeySvist:    	Found 1 pending contexts
UpdateHandler, SergeySvist:  	Parsing updates (updateShort) received via the socket...
FeedLoop, SergeySvist:       	Resumed update feed loop generic
UpdateHandler, SergeySvist:  	Saving update of type updateChannelUserTyping
MinDatabase, SergeySvist:    	Found 3 pending contexts
UpdateHandler, SergeySvist:  	Parsing updates (updateShort) received via the socket...
UpdateHandler, SergeySvist:  	Parsing updates (updates) received via the socket...
SeqLoop, SergeySvist:        	Was fed updates of type updates...
FeedLoop, SergeySvist:       	Resumed update feed loop generic
UpdateHandler, SergeySvist:  	Saving update of type updateChannelUserTyping
FeedLoop, SergeySvist:       	Resumed update feed loop channel 1764189517
UpdateHandler, SergeySvist:  	Saving update of type updateNewChannelMessage
Session, SergeySvist:        	Garbage collected 12 incoming messages in DC 2, 0 left
Session, SergeySvist:        	Garbage collected 6 outgoing messages in DC 2, 0 left
UpdateHandler, SergeySvist:  	Parsing updates (updatesTooLong) received via the socket...
ResponseHandler, SergeySvist: 	Auth key not registered in DC 2 with RPC error AUTH_KEY_UNREGISTERED, resetting temporary and permanent auth keys...
ResponseHandler, SergeySvist: 	Permanent auth key was main authorized key, logging out...
ResponseHandler, SergeySvist: 	!!!!!!! WARNING !!!!!!!
Telegram's flood prevention system suspended this account.
To continue, manual verification is required.
Send an email to recover@telegram.org, asking to unban the phone number +380664120696, and shortly describe what will you do with this phone number.
Then login again.
If you intentionally deleted this account, ignore this message.
Session, SergeySvist:        	Garbage collected 2 incoming messages in DC 2, 0 left
Session, SergeySvist:        	Can't garbage collect updates.getDifference with message ID 7344080762590824000 sent 10 seconds ago in DC 2, no response has been received or it wasn't yet handled!
Session, SergeySvist:        	Garbage collected 1 outgoing messages in DC 2, 1 left
Logger:         	MadelineProto 8.0.0-beta194
Logger:         	Copyright (C) 2016-2024 Daniil Gentili
Logger:         	Licensed under AGPLv3
Logger:         	https://github.com/danog/MadelineProto
Serialization:  	Got exclusive session lock!
DataCenter, SergeySvist:     	Acquiring connect lock for 2!
DataCenter, SergeySvist:     	Connecting to DC 2
DataCenterConnection, SergeySvist: 	Restoring 0 messages to DC 2
Session, SergeySvist:        	Resetting session in DC 2.0...
Connection, SergeySvist:     	Connecting to DC 2.0 via tcp://149.154.167.51:443 main DC 2, via ipv4 using AbridgedStream => BufferedRawStream => DefaultStream 
Connection, SergeySvist:     	Connected to DC 2.0 via tcp://149.154.167.51:443 main DC 2, via ipv4 using AbridgedStream => BufferedRawStream => DefaultStream!
DataCenterConnection, SergeySvist: 	Acquiring lock in order to init auth for DC 2
DataCenterConnection, SergeySvist: 	Initing auth for DC 2
DataCenterConnection, SergeySvist: 	Done initing auth for DC 2
Session, SergeySvist:        	Garbage collected 0 outgoing messages in DC 2, 1 left
PingLoop, SergeySvist:       	Ping DC 2.0
ResponseHandler, SergeySvist: 	Auth key not registered in DC 2 with RPC error AUTH_KEY_UNREGISTERED, resetting temporary and permanent auth keys...
ResponseHandler, SergeySvist: 	Permanent auth key was main authorized key, logging out...
ResponseHandler, SergeySvist: 	!!!!!!! WARNING !!!!!!!
Telegram's flood prevention system suspended this account.
To continue, manual verification is required.
Send an email to recover@telegram.org, asking to unban the phone number +380664120696, and shortly describe what will you do with this phone number.
Then login again.
If you intentionally deleted this account, ignore this message.
GarbageCollector, SergeySvist: 	gc_collect_cycles done. Cleaned memory: 0 Mb
Logger:         	MadelineProto 8.0.0-beta194
Logger:         	Copyright (C) 2016-2024 Daniil Gentili
Logger:         	Licensed under AGPLv3
Logger:         	https://github.com/danog/MadelineProto
Serialization:  	Got exclusive session lock!
DataCenter, SergeySvist:     	Acquiring connect lock for 2!
DataCenter, SergeySvist:     	Connecting to DC 2
DataCenterConnection, SergeySvist: 	Restoring 0 messages to DC 2
Session, SergeySvist:        	Resetting session in DC 2.0...
Connection, SergeySvist:     	Connecting to DC 2.0 via tcp://149.154.167.51:443 main DC 2, via ipv4 using AbridgedStream => BufferedRawStream => DefaultStream 
Connection, SergeySvist:     	Connected to DC 2.0 via tcp://149.154.167.51:443 main DC 2, via ipv4 using AbridgedStream => BufferedRawStream => DefaultStream!
DataCenterConnection, SergeySvist: 	Acquiring lock in order to init auth for DC 2
DataCenterConnection, SergeySvist: 	Initing auth for DC 2
DataCenterConnection, SergeySvist: 	Done initing auth for DC 2
Session, SergeySvist:        	Garbage collected 0 outgoing messages in DC 2, 1 left
PingLoop, SergeySvist:       	Ping DC 2.0
ResponseHandler, SergeySvist: 	Auth key not registered in DC 2 with RPC error AUTH_KEY_UNREGISTERED, resetting temporary and permanent auth keys...
ResponseHandler, SergeySvist: 	Permanent auth key was main authorized key, logging out...
ResponseHandler, SergeySvist: 	!!!!!!! WARNING !!!!!!!
Telegram's flood prevention system suspended this account.
To continue, manual verification is required.
Send an email to recover@telegram.org, asking to unban the phone number +380664120696, and shortly describe what will you do with this phone number.
Then login again.
If you intentionally deleted this account, ignore this message.
GarbageCollector, SergeySvist: 	gc_collect_cycles done. Cleaned memory: 0 Mb
